<?xml version="1.0" encoding="UTF-8"?>
<testng-results ignored="0" total="1" passed="1" failed="0" skipped="0">
  <reporter-output>
  </reporter-output>
  <suite started-at="2022-10-30T06:08:49 CST" name="Default suite" finished-at="2022-10-30T06:08:49 CST" duration-ms="94">
    <groups>
    </groups>
    <test started-at="2022-10-30T06:08:49 CST" name="Default test" finished-at="2022-10-30T06:08:49 CST" duration-ms="94">
      <class name="testcases.PageTestAnnotations">
        <test-method is-config="true" signature="BeforeSuite()[pri:0, instance:testcases.PageTestAnnotations@342c38f8]" started-at="2022-10-30T06:08:49 CST" name="BeforeSuite" finished-at="2022-10-30T06:08:49 CST" duration-ms="15" status="PASS">
          <reporter-output>
          </reporter-output>
        </test-method> <!-- BeforeSuite -->
        <test-method is-config="true" signature="BeforeTest()[pri:0, instance:testcases.PageTestAnnotations@342c38f8]" started-at="2022-10-30T06:08:49 CST" name="BeforeTest" finished-at="2022-10-30T06:08:49 CST" duration-ms="0" status="PASS">
          <reporter-output>
          </reporter-output>
        </test-method> <!-- BeforeTest -->
        <test-method is-config="true" signature="BeforeClass()[pri:0, instance:testcases.PageTestAnnotations@342c38f8]" started-at="2022-10-30T06:08:49 CST" name="BeforeClass" finished-at="2022-10-30T06:08:49 CST" duration-ms="1" status="PASS">
          <reporter-output>
          </reporter-output>
        </test-method> <!-- BeforeClass -->
        <test-method is-config="true" signature="BeforeMethod()[pri:0, instance:testcases.PageTestAnnotations@342c38f8]" started-at="2022-10-30T06:08:49 CST" name="BeforeMethod" finished-at="2022-10-30T06:08:49 CST" duration-ms="0" status="PASS">
          <reporter-output>
          </reporter-output>
        </test-method> <!-- BeforeMethod -->
        <test-method signature="Test()[pri:0, instance:testcases.PageTestAnnotations@342c38f8]" started-at="2022-10-30T06:08:49 CST" name="Test" finished-at="2022-10-30T06:08:49 CST" duration-ms="14" status="PASS">
          <reporter-output>
          </reporter-output>
        </test-method> <!-- Test -->
      </class> <!-- testcases.PageTestAnnotations -->
    </test> <!-- Default test -->
  </suite> <!-- Default suite -->
</testng-results>
