<?xml version="1.0" encoding="UTF-8"?>
<!-- Generated by org.testng.reporters.JUnitXMLReporter -->
<testsuite ignored="0" hostname="AS101353" failures="0" tests="2" name="browser testing" time="16.149" errors="0" timestamp="2022-10-25T06:37:21 CST">
  <testcase classname="testcases.browsertesting.TC1_ConnectToGoogle" name="connectToGoogle" time="7.247"/>
  <testcase classname="testcases.browsertesting.TC2_ConnectToYoutube" name="connectToGoogle" time="8.854"/>
</testsuite> <!-- browser testing -->
