<?xml version="1.0" encoding="UTF-8"?>
<!-- Generated by org.testng.reporters.JUnitXMLReporter -->
<testsuite ignored="0" hostname="AS101353" failures="1" tests="1" name="mobile testing" time="0.005" errors="0" timestamp="2022-10-25T06:37:21 CST">
  <testcase classname="testcases.mobiletesting.TC1_ConnectToTestDummy1" name="connectToTestDummy1" time="0.002">
    <failure type="java.lang.Error" message="Unresolved compilation problem: 
">
      <![CDATA[java.lang.Error: Unresolved compilation problem: 

at drivers.MobileAndroidDriver.getAndroidDriver(MobileAndroidDriver.java:11)
at testcases.mobiletesting.TC1_ConnectToTestDummy1.connectToTestDummy1(TC1_ConnectToTestDummy1.java:17)
at java.base/java.util.ArrayList.forEach(ArrayList.java:1511)
... Removed 27 stack frames]]>
    </failure>
  </testcase> <!-- connectToTestDummy1 -->
</testsuite> <!-- mobile testing -->
